Using pre-set license
Built from '2020.2/release' branch; Version is '2020.2.4f1 (becced5a802b) revision 12504301'; Using compiler version '192528614'; Build Type 'Release'
OS: 'Windows 10 Home Single Language; OS build 22621.1555; Version 2009; 64bit' Language: 'en' Physical Memory: 7584 MB
BatchMode: 1, IsHumanControllingUs: 0, StartBugReporterOnCrash: 0, Is64bit: 1, IsPro: 0

 COMMAND LINE ARGUMENTS:
C:\Program Files\Unity\Hub\Editor\2020.2.4f1\Editor\Unity.exe
-adb2
-batchMode
-noUpm
-name
AssetImportWorker0
-projectPath
C:/Code/mp/game/RoyalBirb-main-f/RoyalBirb-main-f
-logFile
Logs/AssetImportWorker0.log
-srvPort
59702
Successfully changed project path to: C:/Code/mp/game/RoyalBirb-main-f/RoyalBirb-main-f
C:/Code/mp/game/RoyalBirb-main-f/RoyalBirb-main-f
Using Asset Import Pipeline V2.
Refreshing native plugins compatible for Editor in 29.53 ms, found 0 plugins.
Preloading 0 native plugins for Editor in 0.00 ms.
Initialize engine version: 2020.2.4f1 (becced5a802b)
[Subsystems] Discovering subsystems at path C:/Program Files/Unity/Hub/Editor/2020.2.4f1/Editor/Data/Resources/UnitySubsystems
[Subsystems] Discovering subsystems at path C:/Code/mp/game/RoyalBirb-main-f/RoyalBirb-main-f/Assets
GfxDevice: creating device client; threaded=0
Direct3D:
    Version:  Direct3D 11.0 [level 11.1]
    Renderer: NVIDIA GeForce GTX 1650 (ID=0x1f9d)
    Vendor:   
    VRAM:     3950 MB
    Driver:   31.0.15.2802
Initialize mono
Mono path[0] = 'C:/Program Files/Unity/Hub/Editor/2020.2.4f1/Editor/Data/Managed'
Mono path[1] = 'C:/Program Files/Unity/Hub/Editor/2020.2.4f1/Editor/Data/MonoBleedingEdge/lib/mono/unityjit'
Mono config path = 'C:/Program Files/Unity/Hub/Editor/2020.2.4f1/Editor/Data/MonoBleedingEdge/etc'
Using monoOptions --debugger-agent=transport=dt_socket,embedding=1,server=y,suspend=n,address=127.0.0.1:56824
Begin MonoManager ReloadAssembly
Registering precompiled unity dll's ...
Register platform support module: C:/Program Files/Unity/Hub/Editor/2020.2.4f1/Editor/Data/PlaybackEngines/WindowsStandaloneSupport/UnityEditor.WindowsStandalone.Extensions.dll
Registered in 0.005149 seconds.
Native extension for WindowsStandalone target not found
Refreshing native plugins compatible for Editor in 20.61 ms, found 0 plugins.
Preloading 0 native plugins for Editor in 0.00 ms.
Invoked RoslynAnalysisRunner static constructor.
RoslynAnalysisRunner will not be running.
RoslynAnalysisRunner has terminated.
Mono: successfully reloaded assembly
- Completed reload, in  2.092 seconds
Platform modules already initialized, skipping
Registering precompiled user dll's ...
Registered in 0.000934 seconds.
Begin MonoManager ReloadAssembly
Native extension for WindowsStandalone target not found
Refreshing native plugins compatible for Editor in 0.31 ms, found 0 plugins.
Preloading 0 native plugins for Editor in 0.00 ms.
Invoked RoslynAnalysisRunner static constructor.
RoslynAnalysisRunner will not be running.
RoslynAnalysisRunner has terminated.
Mono: successfully reloaded assembly
- Completed reload, in  0.755 seconds
Platform modules already initialized, skipping
========================================================================
Worker process is ready to serve import requests
Launched and connected shader compiler UnityShaderCompiler.exe after 0.11 seconds
Refreshing native plugins compatible for Editor in 0.54 ms, found 0 plugins.
Preloading 0 native plugins for Editor in 0.00 ms.
Unloading 776 Unused Serialized files (Serialized files now loaded: 0)
System memory in use before: 53.2 MB.
System memory in use after: 53.2 MB.

Unloading 8 unused Assets to reduce memory usage. Loaded Objects now: 1218.
Total: 2.529200 ms (FindLiveObjects: 0.123500 ms CreateObjectMapping: 0.021600 ms MarkObjects: 2.227100 ms  DeleteObjects: 0.155700 ms)

========================================================================
Received Import Request.
  path: Assets/Shaders
  artifactKey: Guid(cc3a03b93992eba428db2de81c413c34) Importer(815301076,1909f56bfc062723c751e8b465ee728b)
Start importing Assets/Shaders using Guid(cc3a03b93992eba428db2de81c413c34) Importer(815301076,1909f56bfc062723c751e8b465ee728b)  -> (artifact id: '040dd50210bff7ea85d398e33fb4a362') in 0.005761 seconds
  Import took 0.009576 seconds .

========================================================================
Received Prepare
Registering precompiled user dll's ...
Registered in 0.001008 seconds.
Begin MonoManager ReloadAssembly
Native extension for WindowsStandalone target not found
Refreshing native plugins compatible for Editor in 0.26 ms, found 0 plugins.
Preloading 0 native plugins for Editor in 0.00 ms.
Invoked RoslynAnalysisRunner static constructor.
RoslynAnalysisRunner will not be running.
RoslynAnalysisRunner has terminated.
Mono: successfully reloaded assembly
- Completed reload, in  0.717 seconds
Platform modules already initialized, skipping
Refreshing native plugins compatible for Editor in 0.69 ms, found 0 plugins.
Preloading 0 native plugins for Editor in 0.00 ms.
Unloading 728 Unused Serialized files (Serialized files now loaded: 0)
System memory in use before: 49.7 MB.
System memory in use after: 49.8 MB.

Unloading 4 unused Assets to reduce memory usage. Loaded Objects now: 1221.
Total: 6.228500 ms (FindLiveObjects: 0.338800 ms CreateObjectMapping: 0.064800 ms MarkObjects: 5.701200 ms  DeleteObjects: 0.117200 ms)

========================================================================
Received Prepare
Registering precompiled user dll's ...
Registered in 0.001991 seconds.
Begin MonoManager ReloadAssembly
Native extension for WindowsStandalone target not found
Refreshing native plugins compatible for Editor in 0.16 ms, found 0 plugins.
Preloading 0 native plugins for Editor in 0.00 ms.
Invoked RoslynAnalysisRunner static constructor.
RoslynAnalysisRunner will not be running.
RoslynAnalysisRunner has terminated.
Mono: successfully reloaded assembly
- Completed reload, in  0.692 seconds
Platform modules already initialized, skipping
Refreshing native plugins compatible for Editor in 0.16 ms, found 0 plugins.
Preloading 0 native plugins for Editor in 0.00 ms.
Unloading 728 Unused Serialized files (Serialized files now loaded: 0)
System memory in use before: 49.7 MB.
System memory in use after: 49.8 MB.

Unloading 4 unused Assets to reduce memory usage. Loaded Objects now: 1224.
Total: 2.245300 ms (FindLiveObjects: 0.165100 ms CreateObjectMapping: 0.028100 ms MarkObjects: 2.022500 ms  DeleteObjects: 0.028500 ms)

========================================================================
Received Import Request.
  Time since last request: 716.059294 seconds.
  path: Assets/TextMesh Pro/Resources/Fonts & Materials/LiberationSans SDF - Drop Shadow.mat
  artifactKey: Guid(e73a58f6e2794ae7b1b7e50b7fb811b0) Importer(815301076,1909f56bfc062723c751e8b465ee728b)
Start importing Assets/TextMesh Pro/Resources/Fonts & Materials/LiberationSans SDF - Drop Shadow.mat using Guid(e73a58f6e2794ae7b1b7e50b7fb811b0) Importer(815301076,1909f56bfc062723c751e8b465ee728b)  -> (artifact id: '923580263a342e6401f6307fe262bd3a') in 0.236041 seconds
  Import took 0.239448 seconds .

========================================================================
Received Import Request.
  Time since last request: 0.010334 seconds.
  path: Assets/Prefabs/Score.prefab
  artifactKey: Guid(3eeaab3c9c598ca4888089d6626a2902) Importer(815301076,1909f56bfc062723c751e8b465ee728b)
Start importing Assets/Prefabs/Score.prefab using Guid(3eeaab3c9c598ca4888089d6626a2902) Importer(815301076,1909f56bfc062723c751e8b465ee728b)  -> (artifact id: 'b04369939cd071b793734ac62bf87676') in 0.058072 seconds
  Import took 0.060571 seconds .

========================================================================
Received Import Request.
  Time since last request: 0.005142 seconds.
  path: Assets/TextMesh Pro/Documentation
  artifactKey: Guid(8e7e8f5a82a3a134e91c54efd2274ea9) Importer(815301076,1909f56bfc062723c751e8b465ee728b)
Start importing Assets/TextMesh Pro/Documentation using Guid(8e7e8f5a82a3a134e91c54efd2274ea9) Importer(815301076,1909f56bfc062723c751e8b465ee728b)  -> (artifact id: '0ba0acfc0513ac6575658e49258543dd') in 0.002794 seconds
  Import took 0.005127 seconds .

========================================================================
Received Import Request.
  Time since last request: 0.003889 seconds.
  path: Assets/Shaders/Ground.shader
  artifactKey: Guid(e2f0fa2be97aed243a43b98728194e29) Importer(815301076,1909f56bfc062723c751e8b465ee728b)
Start importing Assets/Shaders/Ground.shader using Guid(e2f0fa2be97aed243a43b98728194e29) Importer(815301076,1909f56bfc062723c751e8b465ee728b)  -> (artifact id: 'eadbadc1f094d1e4f8c0a766822b2cd9') in 0.005123 seconds
  Import took 0.006655 seconds .

========================================================================
Received Import Request.
  Time since last request: 0.004845 seconds.
  path: Assets/TextMesh Pro/Shaders/TMP_SDF SSD.shader
  artifactKey: Guid(14eb328de4b8eb245bb7cea29e4ac00b) Importer(815301076,1909f56bfc062723c751e8b465ee728b)
Start importing Assets/TextMesh Pro/Shaders/TMP_SDF SSD.shader using Guid(14eb328de4b8eb245bb7cea29e4ac00b) Importer(815301076,1909f56bfc062723c751e8b465ee728b)  -> (artifact id: '9d8ea3843ced170b4ee85f6d61a5287b') in 0.006463 seconds
  Import took 0.009691 seconds .

========================================================================
Received Import Request.
  Time since last request: 0.004228 seconds.
  path: Assets/TextMesh Pro/Shaders/TMP_SDF.shader
  artifactKey: Guid(68e6db2ebdc24f95958faec2be5558d6) Importer(815301076,1909f56bfc062723c751e8b465ee728b)
Start importing Assets/TextMesh Pro/Shaders/TMP_SDF.shader using Guid(68e6db2ebdc24f95958faec2be5558d6) Importer(815301076,1909f56bfc062723c751e8b465ee728b)  -> (artifact id: 'b1d8c9c94f6fe59892f01fa5b18befad') in 0.003068 seconds
  Import took 0.004707 seconds .

========================================================================
Received Import Request.
  Time since last request: 0.003751 seconds.
  path: Assets/TextMesh Pro/Shaders/TMPro.cginc
  artifactKey: Guid(407bc68d299748449bbf7f48ee690f8d) Importer(815301076,1909f56bfc062723c751e8b465ee728b)
Start importing Assets/TextMesh Pro/Shaders/TMPro.cginc using Guid(407bc68d299748449bbf7f48ee690f8d) Importer(815301076,1909f56bfc062723c751e8b465ee728b)  -> (artifact id: '028c930f3c05615c7990a32584906878') in 0.004904 seconds
  Import took 0.006786 seconds .

========================================================================
Received Import Request.
  Time since last request: 0.004227 seconds.
  path: Assets/TextMesh Pro/Shaders/TMPro_Surface.cginc
  artifactKey: Guid(d930090c0cd643c7b55f19a38538c162) Importer(815301076,1909f56bfc062723c751e8b465ee728b)
Start importing Assets/TextMesh Pro/Shaders/TMPro_Surface.cginc using Guid(d930090c0cd643c7b55f19a38538c162) Importer(815301076,1909f56bfc062723c751e8b465ee728b)  -> (artifact id: 'aae32ce59c368fa87c30757cdab9d846') in 0.003407 seconds
  Import took 0.005729 seconds .

========================================================================
Received Import Request.
  Time since last request: 0.006320 seconds.
  path: Assets/TextMesh Pro/Fonts/LiberationSans - OFL.txt
  artifactKey: Guid(6e59c59b81ab47f9b6ec5781fa725d2c) Importer(815301076,1909f56bfc062723c751e8b465ee728b)
Start importing Assets/TextMesh Pro/Fonts/LiberationSans - OFL.txt using Guid(6e59c59b81ab47f9b6ec5781fa725d2c) Importer(815301076,1909f56bfc062723c751e8b465ee728b)  -> (artifact id: '17f7db3ed05c4c7558abd573ae5058f2') in 0.028894 seconds
  Import took 0.031076 seconds .

========================================================================
Received Import Request.
  Time since last request: 0.004201 seconds.
  path: Assets/TextMesh Pro/Resources/Style Sheets
  artifactKey: Guid(4aecb92fff08436c8303b10eab8da368) Importer(815301076,1909f56bfc062723c751e8b465ee728b)
Start importing Assets/TextMesh Pro/Resources/Style Sheets using Guid(4aecb92fff08436c8303b10eab8da368) Importer(815301076,1909f56bfc062723c751e8b465ee728b)  -> (artifact id: 'ebcb12077bf724e83c73feebfa73e702') in 0.004934 seconds
  Import took 0.006781 seconds .

========================================================================
Received Import Request.
  Time since last request: 0.002579 seconds.
  path: Assets/TextMesh Pro/Shaders
  artifactKey: Guid(e9f693669af91aa45ad615fc681ed29f) Importer(815301076,1909f56bfc062723c751e8b465ee728b)
Start importing Assets/TextMesh Pro/Shaders using Guid(e9f693669af91aa45ad615fc681ed29f) Importer(815301076,1909f56bfc062723c751e8b465ee728b)  -> (artifact id: 'a96dcb83d86e1c50d86f8525a5157704') in 0.002554 seconds
  Import took 0.004875 seconds .

========================================================================
Received Import Request.
  Time since last request: 0.004182 seconds.
  path: Assets/Prefabs/SkyAndGround.prefab
  artifactKey: Guid(f0fb127a8dd04a84f82305dee1be302e) Importer(815301076,1909f56bfc062723c751e8b465ee728b)
Start importing Assets/Prefabs/SkyAndGround.prefab using Guid(f0fb127a8dd04a84f82305dee1be302e) Importer(815301076,1909f56bfc062723c751e8b465ee728b)  -> (artifact id: '8dfd7d34333b2979a4b830a587429584') in 0.022725 seconds
  Import took 0.025183 seconds .

========================================================================
Received Import Request.
  Time since last request: 0.006210 seconds.
  path: Assets/TextMesh Pro/Resources/Sprite Assets/EmojiOne.asset
  artifactKey: Guid(c41005c129ba4d66911b75229fd70b45) Importer(815301076,1909f56bfc062723c751e8b465ee728b)
Start importing Assets/TextMesh Pro/Resources/Sprite Assets/EmojiOne.asset using Guid(c41005c129ba4d66911b75229fd70b45) Importer(815301076,1909f56bfc062723c751e8b465ee728b)  -> (artifact id: 'eab810e530baa31361df512bfcd5c5f1') in 0.016748 seconds
  Import took 0.018558 seconds .

========================================================================
Received Import Request.
  Time since last request: 0.004295 seconds.
  path: Assets/TextMesh Pro/Shaders/TMP_SDF-Mobile Masking.shader
  artifactKey: Guid(bc1ede39bf3643ee8e493720e4259791) Importer(815301076,1909f56bfc062723c751e8b465ee728b)
Start importing Assets/TextMesh Pro/Shaders/TMP_SDF-Mobile Masking.shader using Guid(bc1ede39bf3643ee8e493720e4259791) Importer(815301076,1909f56bfc062723c751e8b465ee728b)  -> (artifact id: 'a92ff016b9426ee4d448e9d153e63bc9') in 0.005183 seconds
  Import took 0.007647 seconds .

========================================================================
Received Import Request.
  Time since last request: 0.007039 seconds.
  path: Assets/Prefabs/Pillars.prefab
  artifactKey: Guid(27dea21b7e5e86e4f944426bfa4141fd) Importer(815301076,1909f56bfc062723c751e8b465ee728b)
Start importing Assets/Prefabs/Pillars.prefab using Guid(27dea21b7e5e86e4f944426bfa4141fd) Importer(815301076,1909f56bfc062723c751e8b465ee728b)  -> (artifact id: '7785fd2addcb1171194b3af57d933041') in 0.013798 seconds
  Import took 0.015673 seconds .

========================================================================
Received Import Request.
  Time since last request: 0.004304 seconds.
  path: Assets/Scenes/SampleScene.unity
  artifactKey: Guid(9fc0d4010bbf28b4594072e72b8655ab) Importer(815301076,1909f56bfc062723c751e8b465ee728b)
Start importing Assets/Scenes/SampleScene.unity using Guid(9fc0d4010bbf28b4594072e72b8655ab) Importer(815301076,1909f56bfc062723c751e8b465ee728b)  -> (artifact id: '0191f16fd4c8ff7b87eb93a2f6b02d25') in 0.003451 seconds
  Import took 0.004909 seconds .

========================================================================
Received Import Request.
  Time since last request: 0.004863 seconds.
  path: Assets/TextMesh Pro/Shaders/TMP_SDF-Mobile.shader
  artifactKey: Guid(fe393ace9b354375a9cb14cdbbc28be4) Importer(815301076,1909f56bfc062723c751e8b465ee728b)
Start importing Assets/TextMesh Pro/Shaders/TMP_SDF-Mobile.shader using Guid(fe393ace9b354375a9cb14cdbbc28be4) Importer(815301076,1909f56bfc062723c751e8b465ee728b)  -> (artifact id: 'b7c122f176a8a474db4c0277eacdd24d') in 0.004744 seconds
  Import took 0.009277 seconds .

========================================================================
Received Import Request.
  Time since last request: 0.005303 seconds.
  path: Assets/TextMesh Pro/Shaders/TMPro_Mobile.cginc
  artifactKey: Guid(c334973cef89a9840b0b0c507e0377ab) Importer(815301076,1909f56bfc062723c751e8b465ee728b)
Start importing Assets/TextMesh Pro/Shaders/TMPro_Mobile.cginc using Guid(c334973cef89a9840b0b0c507e0377ab) Importer(815301076,1909f56bfc062723c751e8b465ee728b)  -> (artifact id: 'dd3610f54b63a544305f07308c454f9e') in 0.004579 seconds
  Import took 0.007858 seconds .

========================================================================
Received Import Request.
  Time since last request: 0.004578 seconds.
  path: Assets/TextMesh Pro/Shaders/TMP_Sprite.shader
  artifactKey: Guid(cf81c85f95fe47e1a27f6ae460cf182c) Importer(815301076,1909f56bfc062723c751e8b465ee728b)
Start importing Assets/TextMesh Pro/Shaders/TMP_Sprite.shader using Guid(cf81c85f95fe47e1a27f6ae460cf182c) Importer(815301076,1909f56bfc062723c751e8b465ee728b)  -> (artifact id: '1ed07ab92e7e835aba13e3ba8f1b3313') in 0.003386 seconds
  Import took 0.005362 seconds .

========================================================================
Received Import Request.
  Time since last request: 0.003990 seconds.
  path: Assets/TextMesh Pro/Resources/Fonts & Materials/LiberationSans SDF - Fallback.asset
  artifactKey: Guid(2e498d1c8094910479dc3e1b768306a4) Importer(815301076,1909f56bfc062723c751e8b465ee728b)
Start importing Assets/TextMesh Pro/Resources/Fonts & Materials/LiberationSans SDF - Fallback.asset using Guid(2e498d1c8094910479dc3e1b768306a4) Importer(815301076,1909f56bfc062723c751e8b465ee728b)  -> (artifact id: '6b98d7a6f6eb6e2d7e40bfffaf5be9df') in 0.029162 seconds
  Import took 0.031209 seconds .

========================================================================
Received Import Request.
  Time since last request: 0.004360 seconds.
  path: Assets/TextMesh Pro/Sprites/EmojiOne Attribution.txt
  artifactKey: Guid(381dcb09d5029d14897e55f98031fca5) Importer(815301076,1909f56bfc062723c751e8b465ee728b)
Start importing Assets/TextMesh Pro/Sprites/EmojiOne Attribution.txt using Guid(381dcb09d5029d14897e55f98031fca5) Importer(815301076,1909f56bfc062723c751e8b465ee728b)  -> (artifact id: 'e489195a3ce579022797f92179ea0cdf') in 0.003319 seconds
  Import took 0.005148 seconds .

========================================================================
Received Import Request.
  Time since last request: 0.002990 seconds.
  path: Assets/Prefabs
  artifactKey: Guid(15a8c14a41fb2c54bbcdd6fbff9cd080) Importer(815301076,1909f56bfc062723c751e8b465ee728b)
Start importing Assets/Prefabs using Guid(15a8c14a41fb2c54bbcdd6fbff9cd080) Importer(815301076,1909f56bfc062723c751e8b465ee728b)  -> (artifact id: '6f921d20f3c3bec89b52d7468d4cd864') in 0.004373 seconds
  Import took 0.008392 seconds .

========================================================================
Received Import Request.
  Time since last request: 0.007847 seconds.
  path: Assets/TextMesh Pro/Resources/Fonts & Materials/LiberationSans SDF - Outline.mat
  artifactKey: Guid(79459efec17a4d00a321bdcc27bbc385) Importer(815301076,1909f56bfc062723c751e8b465ee728b)
Start importing Assets/TextMesh Pro/Resources/Fonts & Materials/LiberationSans SDF - Outline.mat using Guid(79459efec17a4d00a321bdcc27bbc385) Importer(815301076,1909f56bfc062723c751e8b465ee728b)  -> (artifact id: 'b79c5471f37031f9c6cf664112b39177') in 0.021630 seconds
  Import took 0.023107 seconds .

========================================================================
Received Import Request.
  Time since last request: 0.009693 seconds.
  path: Assets/TextMesh Pro/Shaders/TMP_Bitmap.shader
  artifactKey: Guid(128e987d567d4e2c824d754223b3f3b0) Importer(815301076,1909f56bfc062723c751e8b465ee728b)
Start importing Assets/TextMesh Pro/Shaders/TMP_Bitmap.shader using Guid(128e987d567d4e2c824d754223b3f3b0) Importer(815301076,1909f56bfc062723c751e8b465ee728b)  -> (artifact id: '0e1ff1f83bc4a9009bae4da408d1be5c') in 0.003051 seconds
  Import took 0.005131 seconds .

========================================================================
Received Import Request.
  Time since last request: 0.007649 seconds.
  path: Assets/TextMesh Pro/Resources/Sprite Assets
  artifactKey: Guid(512a49d95c0c4332bdd98131869c23c9) Importer(815301076,1909f56bfc062723c751e8b465ee728b)
Start importing Assets/TextMesh Pro/Resources/Sprite Assets using Guid(512a49d95c0c4332bdd98131869c23c9) Importer(815301076,1909f56bfc062723c751e8b465ee728b)  -> (artifact id: '3b17c0d7ce41982bb9f4542dd817c7a2') in 0.003354 seconds
  Import took 0.004768 seconds .

========================================================================
Received Import Request.
  Time since last request: 0.003927 seconds.
  path: Assets/TextMesh Pro/Shaders/TMP_SDF-Mobile SSD.shader
  artifactKey: Guid(c8d12adcee749c344b8117cf7c7eb912) Importer(815301076,1909f56bfc062723c751e8b465ee728b)
Start importing Assets/TextMesh Pro/Shaders/TMP_SDF-Mobile SSD.shader using Guid(c8d12adcee749c344b8117cf7c7eb912) Importer(815301076,1909f56bfc062723c751e8b465ee728b)  -> (artifact id: 'ad46c4c2028483d393052e4adc167eab') in 0.003113 seconds
  Import took 0.004430 seconds .

========================================================================
Received Import Request.
  Time since last request: 0.003556 seconds.
  path: Assets/TextMesh Pro/Shaders/TMP_SDF-Surface.shader
  artifactKey: Guid(f7ada0af4f174f0694ca6a487b8f543d) Importer(815301076,1909f56bfc062723c751e8b465ee728b)
Start importing Assets/TextMesh Pro/Shaders/TMP_SDF-Surface.shader using Guid(f7ada0af4f174f0694ca6a487b8f543d) Importer(815301076,1909f56bfc062723c751e8b465ee728b)  -> (artifact id: '111f30f82c469e929eaf856897c1d57d') in 0.004063 seconds
  Import took 0.005662 seconds .

========================================================================
Received Import Request.
  Time since last request: 0.005073 seconds.
  path: Assets/TextMesh Pro/Resources/LineBreaking Following Characters.txt
  artifactKey: Guid(fade42e8bc714b018fac513c043d323b) Importer(815301076,1909f56bfc062723c751e8b465ee728b)
Start importing Assets/TextMesh Pro/Resources/LineBreaking Following Characters.txt using Guid(fade42e8bc714b018fac513c043d323b) Importer(815301076,1909f56bfc062723c751e8b465ee728b)  -> (artifact id: '84a6b6cf3fc98ffacc808f29d84073db') in 0.003768 seconds
  Import took 0.005548 seconds .

========================================================================
Received Import Request.
  Time since last request: 0.005095 seconds.
  path: Assets/TextMesh Pro/Fonts
  artifactKey: Guid(6ab70aee4d56447429c680537fbf93ed) Importer(815301076,1909f56bfc062723c751e8b465ee728b)
Start importing Assets/TextMesh Pro/Fonts using Guid(6ab70aee4d56447429c680537fbf93ed) Importer(815301076,1909f56bfc062723c751e8b465ee728b)  -> (artifact id: '9168fe82a597c209d2534b5555898f2e') in 0.002655 seconds
  Import took 0.004004 seconds .

========================================================================
Received Import Request.
  Time since last request: 0.003683 seconds.
  path: Assets/TextMesh Pro/Shaders/TMP_SDF Overlay.shader
  artifactKey: Guid(dd89cf5b9246416f84610a006f916af7) Importer(815301076,1909f56bfc062723c751e8b465ee728b)
Start importing Assets/TextMesh Pro/Shaders/TMP_SDF Overlay.shader using Guid(dd89cf5b9246416f84610a006f916af7) Importer(815301076,1909f56bfc062723c751e8b465ee728b)  -> (artifact id: '94bd73b13ef08c8628c50afa1b41ece9') in 0.002971 seconds
  Import took 0.004312 seconds .

========================================================================
Received Import Request.
  Time since last request: 0.003845 seconds.
  path: Assets/TextMesh Pro/Sprites/EmojiOne.json
  artifactKey: Guid(8f05276190cf498a8153f6cbe761d4e6) Importer(815301076,1909f56bfc062723c751e8b465ee728b)
Start importing Assets/TextMesh Pro/Sprites/EmojiOne.json using Guid(8f05276190cf498a8153f6cbe761d4e6) Importer(815301076,1909f56bfc062723c751e8b465ee728b)  -> (artifact id: '9b96196dfcfd2f691660e606b2826204') in 0.009218 seconds
  Import took 0.011723 seconds .

========================================================================
Received Import Request.
  Time since last request: 0.006260 seconds.
  path: Assets/TextMesh Pro/Sprites/EmojiOne.png
  artifactKey: Guid(dffef66376be4fa480fb02b19edbe903) Importer(815301076,1909f56bfc062723c751e8b465ee728b)
Start importing Assets/TextMesh Pro/Sprites/EmojiOne.png using Guid(dffef66376be4fa480fb02b19edbe903) Importer(815301076,1909f56bfc062723c751e8b465ee728b)  -> (artifact id: 'c4851e9e9f6317f541f5a49c83b40c15') in 0.021835 seconds
  Import took 0.023539 seconds .

========================================================================
Received Import Request.
  Time since last request: 0.009541 seconds.
  path: Assets/TextMesh Pro/Resources/Fonts & Materials
  artifactKey: Guid(731f1baa9d144a9897cb1d341c2092b8) Importer(815301076,1909f56bfc062723c751e8b465ee728b)
Start importing Assets/TextMesh Pro/Resources/Fonts & Materials using Guid(731f1baa9d144a9897cb1d341c2092b8) Importer(815301076,1909f56bfc062723c751e8b465ee728b)  -> (artifact id: '769f56ac729fee89f154d104bed79e0e') in 0.003082 seconds
  Import took 0.006294 seconds .

========================================================================
Received Import Request.
  Time since last request: 0.004559 seconds.
  path: Assets/Prefabs/CameraAndLightning.prefab
  artifactKey: Guid(d4aededc77baeb342b4fd0b694a9068a) Importer(815301076,1909f56bfc062723c751e8b465ee728b)
Start importing Assets/Prefabs/CameraAndLightning.prefab using Guid(d4aededc77baeb342b4fd0b694a9068a) Importer(815301076,1909f56bfc062723c751e8b465ee728b)  -> (artifact id: '2c250c349cb005723f93ad8e75132579') in 0.071112 seconds
  Import took 0.075182 seconds .

========================================================================
Received Import Request.
  Time since last request: 0.003553 seconds.
  path: Assets/TextMesh Pro
  artifactKey: Guid(f54d1bd14bd3ca042bd867b519fee8cc) Importer(815301076,1909f56bfc062723c751e8b465ee728b)
Start importing Assets/TextMesh Pro using Guid(f54d1bd14bd3ca042bd867b519fee8cc) Importer(815301076,1909f56bfc062723c751e8b465ee728b)  -> (artifact id: '5a7cfa61eae7d2c5af1844c8a63ec862') in 0.002839 seconds
  Import took 0.004441 seconds .

========================================================================
Received Import Request.
  Time since last request: 0.007850 seconds.
  path: Assets/Shaders/Pillar.shader
  artifactKey: Guid(5945f7356d4044d409cef4f1436194ce) Importer(815301076,1909f56bfc062723c751e8b465ee728b)
Start importing Assets/Shaders/Pillar.shader using Guid(5945f7356d4044d409cef4f1436194ce) Importer(815301076,1909f56bfc062723c751e8b465ee728b)  -> (artifact id: '18981dca6951907bb1c1073d9a3fc376') in 0.002854 seconds
  Import took 0.004362 seconds .

========================================================================
Received Import Request.
  Time since last request: 0.002628 seconds.
  path: Assets/Materials
  artifactKey: Guid(fd25e20b18037184d95423ce1e11298b) Importer(815301076,1909f56bfc062723c751e8b465ee728b)
Start importing Assets/Materials using Guid(fd25e20b18037184d95423ce1e11298b) Importer(815301076,1909f56bfc062723c751e8b465ee728b)  -> (artifact id: 'a2ce590cfc729e4ef86a3a52c2d7eaf0') in 0.002308 seconds
  Import took 0.003600 seconds .

========================================================================
Received Import Request.
  Time since last request: 0.004401 seconds.
  path: Assets/Materials/Ground.mat
  artifactKey: Guid(9d57ecd33fb52ec4e84f3df3f6a157e1) Importer(815301076,1909f56bfc062723c751e8b465ee728b)
Start importing Assets/Materials/Ground.mat using Guid(9d57ecd33fb52ec4e84f3df3f6a157e1) Importer(815301076,1909f56bfc062723c751e8b465ee728b)  -> (artifact id: '8d97f6a1395c881fbf746b7de87c4ef7') in 0.010630 seconds
  Import took 0.012412 seconds .

========================================================================
Received Import Request.
  Time since last request: 0.004384 seconds.
  path: Assets/TextMesh Pro/Resources/TMP Settings.asset
  artifactKey: Guid(3f5b5dff67a942289a9defa416b206f3) Importer(815301076,1909f56bfc062723c751e8b465ee728b)
Start importing Assets/TextMesh Pro/Resources/TMP Settings.asset using Guid(3f5b5dff67a942289a9defa416b206f3) Importer(815301076,1909f56bfc062723c751e8b465ee728b)  -> (artifact id: '504871e1ceca925f48e7e5f677323a43') in 0.021973 seconds
  Import took 0.024668 seconds .

========================================================================
Received Import Request.
  Time since last request: 0.010744 seconds.
  path: Assets/Prefabs/GameManager.prefab
  artifactKey: Guid(3dcaf6c09031fec44988375fd1b0ec54) Importer(815301076,1909f56bfc062723c751e8b465ee728b)
Start importing Assets/Prefabs/GameManager.prefab using Guid(3dcaf6c09031fec44988375fd1b0ec54) Importer(815301076,1909f56bfc062723c751e8b465ee728b)  -> (artifact id: '7c2b339f4c1aca4153e25c58f3f1cb3a') in 0.006425 seconds
  Import took 0.010069 seconds .

========================================================================
Received Import Request.
  Time since last request: 0.002385 seconds.
  path: Assets/TextMesh Pro/Sprites
  artifactKey: Guid(d0603b6d5186471b96c778c3949c7ce2) Importer(815301076,1909f56bfc062723c751e8b465ee728b)
Start importing Assets/TextMesh Pro/Sprites using Guid(d0603b6d5186471b96c778c3949c7ce2) Importer(815301076,1909f56bfc062723c751e8b465ee728b)  -> (artifact id: '5ff9390d14da443e771d44871237f894') in 0.002300 seconds
  Import took 0.003789 seconds .

========================================================================
Received Import Request.
  Time since last request: 0.003953 seconds.
  path: Assets/Prefabs/Player.prefab
  artifactKey: Guid(16d4f27b1c00c2b499c09b26a8821458) Importer(815301076,1909f56bfc062723c751e8b465ee728b)
Start importing Assets/Prefabs/Player.prefab using Guid(16d4f27b1c00c2b499c09b26a8821458) Importer(815301076,1909f56bfc062723c751e8b465ee728b)  -> (artifact id: '148cd1b1d4a6eb44e7d41d614f40e796') in 0.013539 seconds
  Import took 0.015475 seconds .

========================================================================
Received Import Request.
  Time since last request: 0.010668 seconds.
  path: Assets/TextMesh Pro/Documentation/TextMesh Pro User Guide 2016.pdf
  artifactKey: Guid(1b8d251f9af63b746bf2f7ffe00ebb9b) Importer(815301076,1909f56bfc062723c751e8b465ee728b)
Start importing Assets/TextMesh Pro/Documentation/TextMesh Pro User Guide 2016.pdf using Guid(1b8d251f9af63b746bf2f7ffe00ebb9b) Importer(815301076,1909f56bfc062723c751e8b465ee728b)  -> (artifact id: '98ef48aff72878b443c37c2dcb00f8f5') in 0.007091 seconds
  Import took 0.008559 seconds .

========================================================================
Received Import Request.
  Time since last request: 0.004021 seconds.
  path: Assets/TextMesh Pro/Shaders/TMP_Bitmap-Custom-Atlas.shader
  artifactKey: Guid(48bb5f55d8670e349b6e614913f9d910) Importer(815301076,1909f56bfc062723c751e8b465ee728b)
Start importing Assets/TextMesh Pro/Shaders/TMP_Bitmap-Custom-Atlas.shader using Guid(48bb5f55d8670e349b6e614913f9d910) Importer(815301076,1909f56bfc062723c751e8b465ee728b)  -> (artifact id: 'c32fce573ddff426f463fd98abd8de6e') in 0.002308 seconds
  Import took 0.003880 seconds .

========================================================================
Received Import Request.
  Time since last request: 0.003542 seconds.
  path: Assets/TextMesh Pro/Shaders/TMP_SDF-Surface-Mobile.shader
  artifactKey: Guid(85187c2149c549c5b33f0cdb02836b17) Importer(815301076,1909f56bfc062723c751e8b465ee728b)
Start importing Assets/TextMesh Pro/Shaders/TMP_SDF-Surface-Mobile.shader using Guid(85187c2149c549c5b33f0cdb02836b17) Importer(815301076,1909f56bfc062723c751e8b465ee728b)  -> (artifact id: '575b0c9ec1c841587a5415641343358d') in 0.003922 seconds
  Import took 0.006189 seconds .

========================================================================
Received Import Request.
  Time since last request: 0.005393 seconds.
  path: Assets/TextMesh Pro/Shaders/TMPro_Properties.cginc
  artifactKey: Guid(3997e2241185407d80309a82f9148466) Importer(815301076,1909f56bfc062723c751e8b465ee728b)
Start importing Assets/TextMesh Pro/Shaders/TMPro_Properties.cginc using Guid(3997e2241185407d80309a82f9148466) Importer(815301076,1909f56bfc062723c751e8b465ee728b)  -> (artifact id: '1c548a587d0419b9ec1c145f71895010') in 0.003348 seconds
  Import took 0.004916 seconds .

========================================================================
Received Import Request.
  Time since last request: 0.003966 seconds.
  path: Assets/Materials/Player.mat
  artifactKey: Guid(c7188c44e16ef7045a36f967cfa2c98e) Importer(815301076,1909f56bfc062723c751e8b465ee728b)
Start importing Assets/Materials/Player.mat using Guid(c7188c44e16ef7045a36f967cfa2c98e) Importer(815301076,1909f56bfc062723c751e8b465ee728b)  -> (artifact id: '0258d82f1e64da402b305de4857fb33c') in 0.007718 seconds
  Import took 0.009092 seconds .

========================================================================
Received Import Request.
  Time since last request: 0.004440 seconds.
  path: Assets/TextMesh Pro/Shaders/TMP_Bitmap-Mobile.shader
  artifactKey: Guid(1e3b057af24249748ff873be7fafee47) Importer(815301076,1909f56bfc062723c751e8b465ee728b)
Start importing Assets/TextMesh Pro/Shaders/TMP_Bitmap-Mobile.shader using Guid(1e3b057af24249748ff873be7fafee47) Importer(815301076,1909f56bfc062723c751e8b465ee728b)  -> (artifact id: 'af8773e6e8484c07af1db9edeec0feb7') in 0.002886 seconds
  Import took 0.004014 seconds .

========================================================================
Received Import Request.
  Time since last request: 0.005787 seconds.
  path: Assets/TextMesh Pro/Shaders/TMP_SDF-Mobile Overlay.shader
  artifactKey: Guid(a02a7d8c237544f1962732b55a9aebf1) Importer(815301076,1909f56bfc062723c751e8b465ee728b)
Start importing Assets/TextMesh Pro/Shaders/TMP_SDF-Mobile Overlay.shader using Guid(a02a7d8c237544f1962732b55a9aebf1) Importer(815301076,1909f56bfc062723c751e8b465ee728b)  -> (artifact id: '87b4aa65821d88c5ce257ab3fc0d9b63') in 0.005108 seconds
  Import took 0.006995 seconds .

========================================================================
Received Import Request.
  Time since last request: 0.003259 seconds.
  path: Assets/TextMesh Pro/Resources
  artifactKey: Guid(243e06394e614e5d99fab26083b707fa) Importer(815301076,1909f56bfc062723c751e8b465ee728b)
Start importing Assets/TextMesh Pro/Resources using Guid(243e06394e614e5d99fab26083b707fa) Importer(815301076,1909f56bfc062723c751e8b465ee728b)  -> (artifact id: '890c422daa1065d0b2e5436187f5e01b') in 0.002538 seconds
  Import took 0.004014 seconds .

========================================================================
Received Import Request.
  Time since last request: 0.005018 seconds.
  path: Assets/TextMesh Pro/Resources/Fonts & Materials/LiberationSans SDF.asset
  artifactKey: Guid(8f586378b4e144a9851e7b34d9b748ee) Importer(815301076,1909f56bfc062723c751e8b465ee728b)
Start importing Assets/TextMesh Pro/Resources/Fonts & Materials/LiberationSans SDF.asset using Guid(8f586378b4e144a9851e7b34d9b748ee) Importer(815301076,1909f56bfc062723c751e8b465ee728b)  -> (artifact id: '17590908f51b9a6c2f784b68291a1d16') in 0.032467 seconds
  Import took 0.034059 seconds .

========================================================================
Received Import Request.
  Time since last request: 0.005220 seconds.
  path: Assets/TextMesh Pro/Resources/Style Sheets/Default Style Sheet.asset
  artifactKey: Guid(f952c082cb03451daed3ee968ac6c63e) Importer(815301076,1909f56bfc062723c751e8b465ee728b)
Start importing Assets/TextMesh Pro/Resources/Style Sheets/Default Style Sheet.asset using Guid(f952c082cb03451daed3ee968ac6c63e) Importer(815301076,1909f56bfc062723c751e8b465ee728b)  -> (artifact id: '7a259c5ea2904fb5285c9e960ac72422') in 0.003031 seconds
  Import took 0.004530 seconds .

========================================================================
Received Import Request.
  Time since last request: 0.004171 seconds.
  path: Assets/TextMesh Pro/Resources/LineBreaking Leading Characters.txt
  artifactKey: Guid(d82c1b31c7e74239bff1220585707d2b) Importer(815301076,1909f56bfc062723c751e8b465ee728b)
Start importing Assets/TextMesh Pro/Resources/LineBreaking Leading Characters.txt using Guid(d82c1b31c7e74239bff1220585707d2b) Importer(815301076,1909f56bfc062723c751e8b465ee728b)  -> (artifact id: '65d8f0550660679c1c7b5becaea06708') in 0.002641 seconds
  Import took 0.003781 seconds .

========================================================================
Received Import Request.
  Time since last request: 0.003578 seconds.
  path: Assets/Prefabs/Pillar.prefab
  artifactKey: Guid(fa7fbbec82943424d918abd57f5c0e38) Importer(815301076,1909f56bfc062723c751e8b465ee728b)
Start importing Assets/Prefabs/Pillar.prefab using Guid(fa7fbbec82943424d918abd57f5c0e38) Importer(815301076,1909f56bfc062723c751e8b465ee728b)  -> (artifact id: '3ae8ce4347d12d3acad05f96ef9754a0') in 0.012213 seconds
  Import took 0.013853 seconds .

========================================================================
Received Import Request.
  Time since last request: 0.005224 seconds.
  path: Assets/TextMesh Pro/Fonts/LiberationSans.ttf
  artifactKey: Guid(e3265ab4bf004d28a9537516768c1c75) Importer(815301076,1909f56bfc062723c751e8b465ee728b)
Start importing Assets/TextMesh Pro/Fonts/LiberationSans.ttf using Guid(e3265ab4bf004d28a9537516768c1c75) Importer(815301076,1909f56bfc062723c751e8b465ee728b)  -> (artifact id: 'ca04268e159441968d45989ea2245d03') in 0.018925 seconds
  Import took 0.020541 seconds .

========================================================================
Received Prepare
Refreshing native plugins compatible for Editor in 1.83 ms, found 0 plugins.
Preloading 0 native plugins for Editor in 0.00 ms.
Unloading 2 Unused Serialized files (Serialized files now loaded: 0)
System memory in use before: 41.2 MB.
System memory in use after: 41.2 MB.

Unloading 2 unused Assets to reduce memory usage. Loaded Objects now: 1270.
Total: 3.892600 ms (FindLiveObjects: 0.202200 ms CreateObjectMapping: 0.048600 ms MarkObjects: 3.593000 ms  DeleteObjects: 0.045600 ms)

========================================================================
Received Prepare
Registering precompiled user dll's ...
Registered in 0.001924 seconds.
Begin MonoManager ReloadAssembly
Native extension for WindowsStandalone target not found
Refreshing native plugins compatible for Editor in 0.18 ms, found 0 plugins.
Preloading 0 native plugins for Editor in 0.00 ms.
Invoked RoslynAnalysisRunner static constructor.
RoslynAnalysisRunner will not be running.
RoslynAnalysisRunner has terminated.
Mono: successfully reloaded assembly
- Completed reload, in  0.760 seconds
Platform modules already initialized, skipping
Refreshing native plugins compatible for Editor in 0.20 ms, found 0 plugins.
Preloading 0 native plugins for Editor in 0.00 ms.
Unloading 728 Unused Serialized files (Serialized files now loaded: 0)
System memory in use before: 53.9 MB.
System memory in use after: 53.9 MB.

Unloading 4 unused Assets to reduce memory usage. Loaded Objects now: 1273.
Total: 2.152600 ms (FindLiveObjects: 0.237100 ms CreateObjectMapping: 0.022200 ms MarkObjects: 1.857500 ms  DeleteObjects: 0.034100 ms)

========================================================================
Received Prepare
Registering precompiled user dll's ...
Registered in 0.000784 seconds.
Begin MonoManager ReloadAssembly
Native extension for WindowsStandalone target not found
Refreshing native plugins compatible for Editor in 0.39 ms, found 0 plugins.
Preloading 0 native plugins for Editor in 0.00 ms.
Invoked RoslynAnalysisRunner static constructor.
RoslynAnalysisRunner will not be running.
RoslynAnalysisRunner has terminated.
Mono: successfully reloaded assembly
- Completed reload, in  0.625 seconds
Platform modules already initialized, skipping
Refreshing native plugins compatible for Editor in 0.19 ms, found 0 plugins.
Preloading 0 native plugins for Editor in 0.00 ms.
Unloading 728 Unused Serialized files (Serialized files now loaded: 0)
System memory in use before: 53.9 MB.
System memory in use after: 54.0 MB.

Unloading 4 unused Assets to reduce memory usage. Loaded Objects now: 1276.
Total: 1.591700 ms (FindLiveObjects: 0.121800 ms CreateObjectMapping: 0.021800 ms MarkObjects: 1.434300 ms  DeleteObjects: 0.012700 ms)

========================================================================
Received Prepare
Registering precompiled user dll's ...
Registered in 0.000819 seconds.
Begin MonoManager ReloadAssembly
Native extension for WindowsStandalone target not found
Refreshing native plugins compatible for Editor in 0.19 ms, found 0 plugins.
Preloading 0 native plugins for Editor in 0.00 ms.
Invoked RoslynAnalysisRunner static constructor.
RoslynAnalysisRunner will not be running.
RoslynAnalysisRunner has terminated.
Mono: successfully reloaded assembly
- Completed reload, in  0.612 seconds
Platform modules already initialized, skipping
Refreshing native plugins compatible for Editor in 0.16 ms, found 0 plugins.
Preloading 0 native plugins for Editor in 0.00 ms.
Unloading 728 Unused Serialized files (Serialized files now loaded: 0)
System memory in use before: 53.9 MB.
System memory in use after: 53.9 MB.

Unloading 4 unused Assets to reduce memory usage. Loaded Objects now: 1279.
Total: 1.667100 ms (FindLiveObjects: 0.114100 ms CreateObjectMapping: 0.021000 ms MarkObjects: 1.515300 ms  DeleteObjects: 0.015800 ms)

